#
# There is insufficient memory for the Java Runtime Environment to continue.
# Native memory allocation (mmap) failed to map 264241152 bytes for Failed to commit area from 0x0000000704e00000 to 0x0000000714a00000 of length 264241152.
# Possible reasons:
#   The system is out of physical RAM or swap space
#   The process is running with CompressedOops enabled, and the Java Heap may be blocking the growth of the native heap
# Possible solutions:
#   Reduce memory load on the system
#   Increase physical memory or swap space
#   Check if swap backing store is full
#   Decrease Java heap size (-Xmx/-Xms)
#   Decrease number of Java threads
#   Decrease Java thread stack sizes (-Xss)
#   Set larger code cache with -XX:ReservedCodeCacheSize=
# This output file may be truncated or incomplete.
#
#  Out of Memory Error (./open/src/hotspot/os/windows/os_windows.cpp:3273), pid=178224, tid=171404
#
# JRE version:  (11.0.12+8) (build )
# Java VM: Java HotSpot(TM) 64-Bit Server VM (11.0.12+8-LTS-237, mixed mode, sharing, tiered, compressed oops, g1 gc, windows-amd64)
# No core dump will be written. Minidumps are not enabled by default on client versions of Windows
#

---------------  S U M M A R Y ------------

Command Line: -Dclassworlds.conf=C:\apache-maven-3.8.5\bin\m2.conf -Dmaven.home=C:\apache-maven-3.8.5 -Dlibrary.jansi.path=C:\apache-maven-3.8.5\lib\jansi-native -Dmaven.multiModuleProjectDirectory=D:\class\docker_jenkins_integration org.codehaus.plexus.classworlds.launcher.Launcher clean install

Host: 11th Gen Intel(R) Core(TM) i7-1165G7 @ 2.80GHz, 8 cores, 15G,  Windows 10 , 64 bit Build 19041 (10.0.19041.1889)
Time: Wed Aug 31 23:11:01 2022 India Standard Time elapsed time: 0.046352 seconds (0d 0h 0m 0s)

---------------  T H R E A D  ---------------

Current thread (0x000002495f7da000):  JavaThread "Unknown thread" [_thread_in_vm, id=171404, stack(0x0000009af0900000,0x0000009af0a00000)]

Stack: [0x0000009af0900000,0x0000009af0a00000]
Native frames: (J=compiled Java code, j=interpreted, Vv=VM code, C=native code)
V  [jvm.dll+0x617d9a]
V  [jvm.dll+0x74eeef]
V  [jvm.dll+0x750599]
V  [jvm.dll+0x750c23]
V  [jvm.dll+0x2438d8]
V  [jvm.dll+0x61518a]
V  [jvm.dll+0x609f45]
V  [jvm.dll+0x2f85cc]
V  [jvm.dll+0x2f8452]
V  [jvm.dll+0x2fd106]
V  [jvm.dll+0x33f6ef]
V  [jvm.dll+0x33f120]
V  [jvm.dll+0x2d5ca8]
V  [jvm.dll+0x2d6e06]
V  [jvm.dll+0x72a977]
V  [jvm.dll+0x72c21f]
V  [jvm.dll+0x34c469]
V  [jvm.dll+0x710400]
V  [jvm.dll+0x3b5baf]
V  [jvm.dll+0x3b7cb1]
C  [jli.dll+0x520b]
C  [ucrtbase.dll+0x21bb2]
C  [KERNEL32.DLL+0x17034]
C  [ntdll.dll+0x52651]


---------------  P R O C E S S  ---------------

Threads class SMR info:
_java_thread_list=0x000002495d560710, length=0, elements={
}

Java Threads: ( => current thread )

Other Threads:
  0x000002495f7ee000 GCTaskThread "GC Thread#0" [stack: 0x0000009af0a00000,0x0000009af0b00000] [id=177172]
  0x000002495f84c800 ConcurrentGCThread "G1 Main Marker" [stack: 0x0000009af0b00000,0x0000009af0c00000] [id=177900]
  0x000002495f84d800 ConcurrentGCThread "G1 Conc#0" [stack: 0x0000009af0c00000,0x0000009af0d00000] [id=180020]

[error occurred during error reporting (printing all threads), id 0xc0000005, EXCEPTION_ACCESS_VIOLATION (0xc0000005) at pc=0x00007ffae5304f37]

VM state:not at safepoint (not fully initialized)

VM Mutex/Monitor currently owned by a thread:  ([mutex/lock_event])
[0x000002495f7d7d40] Heap_lock - owner thread: 0x000002495f7da000

Heap address: 0x0000000704e00000, size: 4018 MB, Compressed Oops mode: Non-zero based: 0x0000000704e00000
Narrow klass base: 0x0000000000000000, Narrow klass shift: 0

GC Heap History (0 events):
No events

Deoptimization events (0 events):
No events

Classes redefined (0 events):
No events

Internal exceptions (0 events):
No events

Events (0 events):
No events


Dynamic libraries:
0x00007ff745820000 - 0x00007ff74582f000 	C:\Program Files\Java\jdk-11.0.12\bin\java.exe
0x00007ffb82830000 - 0x00007ffb82a28000 	C:\windows\SYSTEM32\ntdll.dll
0x00007ffb80e70000 - 0x00007ffb80f2d000 	C:\windows\System32\KERNEL32.DLL
0x00007ffb7ff50000 - 0x00007ffb8021e000 	C:\windows\System32\KERNELBASE.dll
0x00007ffb806f0000 - 0x00007ffb807f0000 	C:\windows\System32\ucrtbase.dll
0x00007ffb49000000 - 0x00007ffb49015000 	C:\Program Files\Java\jdk-11.0.12\bin\VCRUNTIME140.dll
0x00007ffb4da70000 - 0x00007ffb4da88000 	C:\Program Files\Java\jdk-11.0.12\bin\jli.dll
0x00007ffb81720000 - 0x00007ffb817ce000 	C:\windows\System32\ADVAPI32.dll
0x00007ffb80bf0000 - 0x00007ffb80c8e000 	C:\windows\System32\msvcrt.dll
0x00007ffb81260000 - 0x00007ffb812fc000 	C:\windows\System32\sechost.dll
0x00007ffb81580000 - 0x00007ffb816a5000 	C:\windows\System32\RPCRT4.dll
0x00007ffb825c0000 - 0x00007ffb82760000 	C:\windows\System32\USER32.dll
0x00007ffb5a4d0000 - 0x00007ffb5a76a000 	C:\windows\WinSxS\amd64_microsoft.windows.common-controls_6595b64144ccf1df_6.0.19041.1110_none_60b5254171f9507e\COMCTL32.dll
0x00007ffb80420000 - 0x00007ffb80442000 	C:\windows\System32\win32u.dll
0x00007ffb81230000 - 0x00007ffb8125a000 	C:\windows\System32\GDI32.dll
0x00007ffb805e0000 - 0x00007ffb806eb000 	C:\windows\System32\gdi32full.dll
0x00007ffb807f0000 - 0x00007ffb8088d000 	C:\windows\System32\msvcp_win.dll
0x00007ffb7e1a0000 - 0x00007ffb7e1aa000 	C:\windows\SYSTEM32\VERSION.dll
0x00007ffb80c90000 - 0x00007ffb80cc0000 	C:\windows\System32\IMM32.DLL
0x000002495d760000 - 0x000002495d774000 	C:\windows\System32\umppc15610.dll
0x00007ffb37800000 - 0x00007ffb3789b000 	C:\Program Files\Java\jdk-11.0.12\bin\msvcp140.dll
0x00007ffae5020000 - 0x00007ffae5b1f000 	C:\Program Files\Java\jdk-11.0.12\bin\server\jvm.dll
0x00007ffb817d0000 - 0x00007ffb817d8000 	C:\windows\System32\PSAPI.DLL
0x00007ffb5a7b0000 - 0x00007ffb5a7b9000 	C:\windows\SYSTEM32\WSOCK32.dll
0x00007ffb816b0000 - 0x00007ffb8171b000 	C:\windows\System32\WS2_32.dll
0x00007ffb5d7a0000 - 0x00007ffb5d7c7000 	C:\windows\SYSTEM32\WINMM.dll
0x00007ffb7d630000 - 0x00007ffb7d642000 	C:\windows\SYSTEM32\kernel.appcore.dll
0x00007ffb59c30000 - 0x00007ffb59c40000 	C:\Program Files\Java\jdk-11.0.12\bin\verify.dll
0x00007ffb7d1a0000 - 0x00007ffb7d384000 	C:\windows\SYSTEM32\DBGHELP.DLL
0x00007ffb6cca0000 - 0x00007ffb6cccc000 	C:\windows\SYSTEM32\dbgcore.DLL
0x00007ffb80450000 - 0x00007ffb804d2000 	C:\windows\System32\bcryptPrimitives.dll
0x00007ffb48ed0000 - 0x00007ffb48ef8000 	C:\Program Files\Java\jdk-11.0.12\bin\java.dll
0x00007ffb59350000 - 0x00007ffb5935a000 	C:\Program Files\Java\jdk-11.0.12\bin\jimage.dll
0x00007ffb48a90000 - 0x00007ffb48aa6000 	C:\Program Files\Java\jdk-11.0.12\bin\zip.dll

dbghelp: loaded successfully - version: 4.0.5 - missing functions: none
symbol engine: initialized successfully - sym options: 0x614 - pdb path: .;C:\Program Files\Java\jdk-11.0.12\bin;C:\windows\SYSTEM32;C:\windows\WinSxS\amd64_microsoft.windows.common-controls_6595b64144ccf1df_6.0.19041.1110_none_60b5254171f9507e;C:\Program Files\Java\jdk-11.0.12\bin\server

VM Arguments:
jvm_args: -Dclassworlds.conf=C:\apache-maven-3.8.5\bin\m2.conf -Dmaven.home=C:\apache-maven-3.8.5 -Dlibrary.jansi.path=C:\apache-maven-3.8.5\lib\jansi-native -Dmaven.multiModuleProjectDirectory=D:\class\docker_jenkins_integration 
java_command: org.codehaus.plexus.classworlds.launcher.Launcher clean install
java_class_path (initial): C:\apache-maven-3.8.5\boot\plexus-classworlds-2.6.0.jar
Launcher Type: SUN_STANDARD

[Global flags]
     intx CICompilerCount                          = 4                                         {product} {ergonomic}
     uint ConcGCThreads                            = 2                                         {product} {ergonomic}
     uint G1ConcRefinementThreads                  = 8                                         {product} {ergonomic}
   size_t G1HeapRegionSize                         = 1048576                                   {product} {ergonomic}
    uintx GCDrainStackTargetSize                   = 64                                        {product} {ergonomic}
   size_t InitialHeapSize                          = 264241152                                 {product} {ergonomic}
   size_t MarkStackSize                            = 4194304                                   {product} {ergonomic}
   size_t MaxHeapSize                              = 4213178368                                {product} {ergonomic}
   size_t MinHeapDeltaBytes                        = 1048576                                   {product} {ergonomic}
    uintx NonNMethodCodeHeapSize                   = 5836300                                {pd product} {ergonomic}
    uintx NonProfiledCodeHeapSize                  = 122910970                              {pd product} {ergonomic}
    uintx ProfiledCodeHeapSize                     = 122910970                              {pd product} {ergonomic}
    uintx ReservedCodeCacheSize                    = 251658240                              {pd product} {ergonomic}
     bool SegmentedCodeCache                       = true                                      {product} {ergonomic}
     bool UseCompressedClassPointers               = true                                 {lp64_product} {ergonomic}
     bool UseCompressedOops                        = true                                 {lp64_product} {ergonomic}
     bool UseG1GC                                  = true                                      {product} {ergonomic}
     bool UseLargePagesIndividualAllocation        = false                                  {pd product} {ergonomic}

Logging:
Log output configuration:
 #0: stdout all=warning uptime,level,tags
 #1: stderr all=off uptime,level,tags

Environment Variables:
PATH=C:\Program Files\Java\jdk-11.0.12\bin;C:\Program Files\Common Files\Oracle\Java\javapath;C:\windows\system32;C:\windows;C:\windows\System32\Wbem;C:\windows\System32\WindowsPowerShell\v1.0\;C:\windows\System32\OpenSSH\;C:\Program Files\Git\cmd;C:\apache-maven-3.8.5\bin;C:\ProgramData\chocolatey\bin;C:\Program Files\nodejs\;C:\Program Files\PuTTY\;C:\Users\potbharea\AppData\Local\Microsoft\WindowsApps;;C:\Program Files\JetBrains\IntelliJ IDEA Community Edition 2019.2.4\bin;;C:\Users\potbharea\AppData\Roaming\npm;C:\Users\potbharea\AppData\Local\Programs\Microsoft VS Code\bin
USERNAME=potbharea
OS=Windows_NT
PROCESSOR_IDENTIFIER=Intel64 Family 6 Model 140 Stepping 1, GenuineIntel



---------------  S Y S T E M  ---------------

OS: Windows 10 , 64 bit Build 19041 (10.0.19041.1889)
Hyper-V role detected

CPU:total 8 (initial active 8) (4 cores per cpu, 2 threads per core) family 6 model 140 stepping 1 microcode 0xa4, cmov, cx8, fxsr, mmx, sse, sse2, sse3, ssse3, sse4.1, sse4.2, popcnt, avx, avx2, aes, clmul, erms, 3dnowpref, lzcnt, ht, tsc, tscinvbit, bmi1, bmi2, adx, evex, sha, fma

Memory: 4k page, system-wide physical 16064M (376M free)
TotalPageFile size 41064M (AvailPageFile size 254M)
current process WorkingSet (physical memory assigned to process): 10M, peak: 10M
current process commit charge ("private bytes"): 60M, peak: 312M

vm_info: Java HotSpot(TM) 64-Bit Server VM (11.0.12+8-LTS-237) for windows-amd64 JRE (11.0.12+8-LTS-237), built on Jun  8 2021 11:25:59 by "mach5one" with MS VC++ 15.9 (VS2017)

END.
